#
# There is insufficient memory for the Java Runtime Environment to continue.
# Native memory allocation (malloc) failed to allocate 1609136 bytes for Chunk::new
# Possible reasons:
#   The system is out of physical RAM or swap space
#   In 32 bit mode, the process size limit was hit
# Possible solutions:
#   Reduce memory load on the system
#   Increase physical memory or swap space
#   Check if swap backing store is full
#   Use 64 bit Java on a 64 bit OS
#   Decrease Java heap size (-Xmx/-Xms)
#   Decrease number of Java threads
#   Decrease Java thread stack sizes (-Xss)
#   Set larger code cache with -XX:ReservedCodeCacheSize=
# This output file may be truncated or incomplete.
#
#  Out of Memory Error (allocation.cpp:390), pid=8344, tid=0x0000000000002d50
#
# JRE version: OpenJDK Runtime Environment (8.0_152-b01) (build 1.8.0_152-release-915-b01)
# Java VM: OpenJDK 64-Bit Server VM (25.152-b01 mixed mode windows-amd64 compressed oops)
# Failed to write core dump. Minidumps are not enabled by default on client versions of Windows
#

---------------  T H R E A D  ---------------

Current thread (0x0000000016d4c800):  JavaThread "C2 CompilerThread0" daemon [_thread_in_native, id=11600, stack(0x0000000018390000,0x0000000018490000)]

Stack: [0x0000000018390000,0x0000000018490000]
[error occurred during error reporting (printing stack bounds), id 0xc0000005]

Native frames: (J=compiled Java code, j=interpreted, Vv=VM code, C=native code)


Current CompileTask:
C2:  13982 2519       4       groovy.lang.MetaClassImpl$1MOPIter::methodNameAction (479 bytes)


---------------  P R O C E S S  ---------------

Java Threads: ( => current thread )
  0x0000000019b1a000 JavaThread "Cache worker for Artifact transforms cache (C:\Users\alvin.wijaya\.gradle\caches\transforms-1)" [_thread_blocked, id=10724, stack(0x00000000205b0000,0x00000000206b0000)]
  0x0000000019b1e800 JavaThread "Cache worker for file hash cache (E:\Project\Mobile Banking System\PSD2Protectoria\.gradle\4.1\fileHashes)" [_thread_blocked, id=11104, stack(0x00000000204b0000,0x00000000205b0000)]
  0x0000000019b1d000 JavaThread "File lock request listener" [_thread_in_native, id=10756, stack(0x00000000201b0000,0x00000000202b0000)]
  0x0000000019b1b800 JavaThread "Cache worker for file hash cache (C:\Users\alvin.wijaya\.gradle\caches\4.1\fileHashes)" [_thread_blocked, id=13696, stack(0x000000001c770000,0x000000001c870000)]
  0x0000000019b1d800 JavaThread "Stdin handler" [_thread_blocked, id=7756, stack(0x000000001b6a0000,0x000000001b7a0000)]
  0x0000000019b1a800 JavaThread "Asynchronous log dispatcher for DefaultDaemonConnection: socket connection from /127.0.0.1:57101 to /127.0.0.1:57103" [_thread_blocked, id=16140, stack(0x000000001b5a0000,0x000000001b6a0000)]
  0x0000000019b1c000 JavaThread "Daemon worker" [_thread_in_vm, id=10868, stack(0x000000001b4a0000,0x000000001b5a0000)]
  0x0000000019b20800 JavaThread "Cancel handler" [_thread_blocked, id=9376, stack(0x000000001b3a0000,0x000000001b4a0000)]
  0x0000000019af7800 JavaThread "Handler for socket connection from /127.0.0.1:57101 to /127.0.0.1:57103" [_thread_in_native, id=14500, stack(0x000000001b0a0000,0x000000001b1a0000)]
  0x0000000019af6000 JavaThread "Daemon" [_thread_blocked, id=15552, stack(0x000000001afa0000,0x000000001b0a0000)]
  0x0000000019abb800 JavaThread "Daemon periodic checks" [_thread_blocked, id=10752, stack(0x000000001aea0000,0x000000001afa0000)]
  0x0000000019ab6800 JavaThread "Incoming local TCP Connector on port 57101" [_thread_in_native, id=9904, stack(0x000000001a9a0000,0x000000001aaa0000)]
  0x0000000016dac000 JavaThread "Service Thread" daemon [_thread_blocked, id=12172, stack(0x0000000018a90000,0x0000000018b90000)]
  0x0000000016d89800 JavaThread "C1 CompilerThread2" daemon [_thread_blocked, id=1952, stack(0x0000000018590000,0x0000000018690000)]
  0x0000000016d50800 JavaThread "C2 CompilerThread1" daemon [_thread_blocked, id=564, stack(0x0000000018490000,0x0000000018590000)]
=>0x0000000016d4c800 JavaThread "C2 CompilerThread0" daemon [_thread_in_native, id=11600, stack(0x0000000018390000,0x0000000018490000)]
  0x0000000016d4b800 JavaThread "Attach Listener" daemon [_thread_blocked, id=2596, stack(0x0000000018290000,0x0000000018390000)]
  0x0000000016d4a000 JavaThread "Signal Dispatcher" daemon [_thread_blocked, id=11120, stack(0x0000000018190000,0x0000000018290000)]
  0x00000000033dd000 JavaThread "Finalizer" daemon [_thread_blocked, id=13052, stack(0x0000000017fa0000,0x00000000180a0000)]
  0x00000000033d2000 JavaThread "Reference Handler" daemon [_thread_blocked, id=3932, stack(0x0000000017ea0000,0x0000000017fa0000)]
  0x00000000032e2800 JavaThread "main" [_thread_blocked, id=14788, stack(0x00000000031e0000,0x00000000032e0000)]

Other Threads:
  0x0000000016d15800 VMThread [stack: 0x0000000017da0000,0x0000000017ea0000] [id=3748]
  0x0000000016dac800 WatcherThread [stack: 0x0000000018b90000,0x0000000018c90000] [id=10368]

VM state:not at safepoint (normal execution)

VM Mutex/Monitor currently owned by a thread: None

Heap:
 PSYoungGen      total 60928K, used 13481K [0x00000000e0000000, 0x00000000e4780000, 0x0000000100000000)
  eden space 50688K, 9% used [0x00000000e0000000,0x00000000e047d330,0x00000000e3180000)
  from space 10240K, 86% used [0x00000000e3180000,0x00000000e3a2d368,0x00000000e3b80000)
  to   space 10752K, 0% used [0x00000000e3b80000,0x00000000e3b80000,0x00000000e4600000)
 ParOldGen       total 64000K, used 8796K [0x00000000a0000000, 0x00000000a3e80000, 0x00000000e0000000)
  object space 64000K, 13% used [0x00000000a0000000,0x00000000a0897088,0x00000000a3e80000)
 Metaspace       used 30615K, capacity 31280K, committed 31488K, reserved 1077248K
  class space    used 4255K, capacity 4517K, committed 4608K, reserved 1048576K

Card table byte_map: [0x00000000127a0000,0x0000000012ab0000] byte_map_base: 0x00000000122a0000

Marking Bits: (ParMarkBitMap*) 0x0000000060a43950
 Begin Bits: [0x00000000130b0000, 0x00000000148b0000)
 End Bits:   [0x00000000148b0000, 0x00000000160b0000)

Polling page: 0x0000000002f40000

CodeCache: size=245760Kb used=9079Kb max_used=9128Kb free=236680Kb
 bounds [0x00000000033e0000, 0x0000000003ce0000, 0x00000000123e0000]
 total_blobs=2979 nmethods=2316 adapters=576
 compilation: enabled

Compilation events (10 events):
Event: 13.790 Thread 0x0000000016d89800 2541       3       java.util.regex.Pattern::range (279 bytes)
Event: 13.793 Thread 0x0000000016d89800 nmethod 2541 0x0000000003ccee90 code [0x0000000003ccf340, 0x0000000003cd1be8]
Event: 13.836 Thread 0x0000000016d89800 2542       3       sun.nio.ch.FileChannelImpl::ensureOpen (16 bytes)
Event: 13.837 Thread 0x0000000016d89800 nmethod 2542 0x0000000003cccf50 code [0x0000000003ccd0c0, 0x0000000003ccd3a8]
Event: 13.878 Thread 0x0000000016d89800 2543       3       java.lang.Integer::highestOneBit (38 bytes)
Event: 13.879 Thread 0x0000000016d89800 nmethod 2543 0x0000000003ccaa10 code [0x0000000003ccab60, 0x0000000003ccacd0]
Event: 13.931 Thread 0x0000000016d89800 2544   !   3       java.io.BufferedReader::readLine (304 bytes)
Event: 13.932 Thread 0x0000000016d89800 nmethod 2544 0x0000000003518790 code [0x0000000003518a20, 0x000000000351a168]
Event: 13.976 Thread 0x0000000016d89800 2545       3       java.util.Arrays::rangeCheck (74 bytes)
Event: 13.976 Thread 0x0000000016d89800 nmethod 2545 0x0000000003ccd910 code [0x0000000003ccdb60, 0x0000000003cce8a8]

GC Heap History (10 events):
Event: 8.579 GC heap before
{Heap before GC invocations=4 (full 0):
 PSYoungGen      total 38400K, used 34985K [0x00000000e0000000, 0x00000000e2a80000, 0x0000000100000000)
  eden space 33280K, 89% used [0x00000000e0000000,0x00000000e1d2ba98,0x00000000e2080000)
  from space 5120K, 99% used [0x00000000e2080000,0x00000000e257ec40,0x00000000e2580000)
  to   space 5120K, 0% used [0x00000000e2580000,0x00000000e2580000,0x00000000e2a80000)
 ParOldGen       total 87552K, used 3610K [0x00000000a0000000, 0x00000000a5580000, 0x00000000e0000000)
  object space 87552K, 4% used [0x00000000a0000000,0x00000000a0386ae0,0x00000000a5580000)
 Metaspace       used 20730K, capacity 21112K, committed 21248K, reserved 1067008K
  class space    used 2865K, capacity 3035K, committed 3072K, reserved 1048576K
Event: 8.600 GC heap after
Heap after GC invocations=4 (full 0):
 PSYoungGen      total 38400K, used 5108K [0x00000000e0000000, 0x00000000e2a80000, 0x0000000100000000)
  eden space 33280K, 0% used [0x00000000e0000000,0x00000000e0000000,0x00000000e2080000)
  from space 5120K, 99% used [0x00000000e2580000,0x00000000e2a7d040,0x00000000e2a80000)
  to   space 5120K, 0% used [0x00000000e2080000,0x00000000e2080000,0x00000000e2580000)
 ParOldGen       total 87552K, used 7466K [0x00000000a0000000, 0x00000000a5580000, 0x00000000e0000000)
  object space 87552K, 8% used [0x00000000a0000000,0x00000000a074aa10,0x00000000a5580000)
 Metaspace       used 20730K, capacity 21112K, committed 21248K, reserved 1067008K
  class space    used 2865K, capacity 3035K, committed 3072K, reserved 1048576K
}
Event: 8.600 GC heap before
{Heap before GC invocations=5 (full 1):
 PSYoungGen      total 38400K, used 5108K [0x00000000e0000000, 0x00000000e2a80000, 0x0000000100000000)
  eden space 33280K, 0% used [0x00000000e0000000,0x00000000e0000000,0x00000000e2080000)
  from space 5120K, 99% used [0x00000000e2580000,0x00000000e2a7d040,0x00000000e2a80000)
  to   space 5120K, 0% used [0x00000000e2080000,0x00000000e2080000,0x00000000e2580000)
 ParOldGen       total 87552K, used 7466K [0x00000000a0000000, 0x00000000a5580000, 0x00000000e0000000)
  object space 87552K, 8% used [0x00000000a0000000,0x00000000a074aa10,0x00000000a5580000)
 Metaspace       used 20730K, capacity 21112K, committed 21248K, reserved 1067008K
  class space    used 2865K, capacity 3035K, committed 3072K, reserved 1048576K
Event: 8.655 GC heap after
Heap after GC invocations=5 (full 1):
 PSYoungGen      total 38400K, used 0K [0x00000000e0000000, 0x00000000e2a80000, 0x0000000100000000)
  eden space 33280K, 0% used [0x00000000e0000000,0x00000000e0000000,0x00000000e2080000)
  from space 5120K, 0% used [0x00000000e2580000,0x00000000e2580000,0x00000000e2a80000)
  to   space 5120K, 0% used [0x00000000e2080000,0x00000000e2080000,0x00000000e2580000)
 ParOldGen       total 64000K, used 8772K [0x00000000a0000000, 0x00000000a3e80000, 0x00000000e0000000)
  object space 64000K, 13% used [0x00000000a0000000,0x00000000a0891088,0x00000000a3e80000)
 Metaspace       used 20730K, capacity 21112K, committed 21248K, reserved 1067008K
  class space    used 2865K, capacity 3035K, committed 3072K, reserved 1048576K
}
Event: 9.556 GC heap before
{Heap before GC invocations=6 (full 1):
 PSYoungGen      total 38400K, used 33280K [0x00000000e0000000, 0x00000000e2a80000, 0x0000000100000000)
  eden space 33280K, 100% used [0x00000000e0000000,0x00000000e2080000,0x00000000e2080000)
  from space 5120K, 0% used [0x00000000e2580000,0x00000000e2580000,0x00000000e2a80000)
  to   space 5120K, 0% used [0x00000000e2080000,0x00000000e2080000,0x00000000e2580000)
 ParOldGen       total 64000K, used 8772K [0x00000000a0000000, 0x00000000a3e80000, 0x00000000e0000000)
  object space 64000K, 13% used [0x00000000a0000000,0x00000000a0891088,0x00000000a3e80000)
 Metaspace       used 23499K, capacity 23898K, committed 24192K, reserved 1071104K
  class space    used 3178K, capacity 3340K, committed 3456K, reserved 1048576K
Event: 9.562 GC heap after
Heap after GC invocations=6 (full 1):
 PSYoungGen      total 38400K, used 3742K [0x00000000e0000000, 0x00000000e4600000, 0x0000000100000000)
  eden space 33280K, 0% used [0x00000000e0000000,0x00000000e0000000,0x00000000e2080000)
  from space 5120K, 73% used [0x00000000e2080000,0x00000000e2427830,0x00000000e2580000)
  to   space 10752K, 0% used [0x00000000e3b80000,0x00000000e3b80000,0x00000000e4600000)
 ParOldGen       total 64000K, used 8780K [0x00000000a0000000, 0x00000000a3e80000, 0x00000000e0000000)
  object space 64000K, 13% used [0x00000000a0000000,0x00000000a0893088,0x00000000a3e80000)
 Metaspace       used 23499K, capacity 23898K, committed 24192K, reserved 1071104K
  class space    used 3178K, capacity 3340K, committed 3456K, reserved 1048576K
}
Event: 11.717 GC heap before
{Heap before GC invocations=7 (full 1):
 PSYoungGen      total 38400K, used 37022K [0x00000000e0000000, 0x00000000e4600000, 0x0000000100000000)
  eden space 33280K, 100% used [0x00000000e0000000,0x00000000e2080000,0x00000000e2080000)
  from space 5120K, 73% used [0x00000000e2080000,0x00000000e2427830,0x00000000e2580000)
  to   space 10752K, 0% used [0x00000000e3b80000,0x00000000e3b80000,0x00000000e4600000)
 ParOldGen       total 64000K, used 8780K [0x00000000a0000000, 0x00000000a3e80000, 0x00000000e0000000)
  object space 64000K, 13% used [0x00000000a0000000,0x00000000a0893088,0x00000000a3e80000)
 Metaspace       used 26368K, capacity 26818K, committed 27136K, reserved 1073152K
  class space    used 3559K, capacity 3778K, committed 3840K, reserved 1048576K
Event: 11.752 GC heap after
Heap after GC invocations=7 (full 1):
 PSYoungGen      total 61440K, used 5238K [0x00000000e0000000, 0x00000000e4780000, 0x0000000100000000)
  eden space 50688K, 0% used [0x00000000e0000000,0x00000000e0000000,0x00000000e3180000)
  from space 10752K, 48% used [0x00000000e3b80000,0x00000000e409db20,0x00000000e4600000)
  to   space 10240K, 0% used [0x00000000e3180000,0x00000000e3180000,0x00000000e3b80000)
 ParOldGen       total 64000K, used 8788K [0x00000000a0000000, 0x00000000a3e80000, 0x00000000e0000000)
  object space 64000K, 13% used [0x00000000a0000000,0x00000000a0895088,0x00000000a3e80000)
 Metaspace       used 26368K, capacity 26818K, committed 27136K, reserved 1073152K
  class space    used 3559K, capacity 3778K, committed 3840K, reserved 1048576K
}
Event: 13.794 GC heap before
{Heap before GC invocations=8 (full 1):
 PSYoungGen      total 61440K, used 55926K [0x00000000e0000000, 0x00000000e4780000, 0x0000000100000000)
  eden space 50688K, 100% used [0x00000000e0000000,0x00000000e3180000,0x00000000e3180000)
  from space 10752K, 48% used [0x00000000e3b80000,0x00000000e409db20,0x00000000e4600000)
  to   space 10240K, 0% used [0x00000000e3180000,0x00000000e3180000,0x00000000e3b80000)
 ParOldGen       total 64000K, used 8788K [0x00000000a0000000, 0x00000000a3e80000, 0x00000000e0000000)
  object space 64000K, 13% used [0x00000000a0000000,0x00000000a0895088,0x00000000a3e80000)
 Metaspace       used 29465K, capacity 30058K, committed 30336K, reserved 1075200K
  class space    used 4124K, capacity 4388K, committed 4480K, reserved 1048576K
Event: 13.810 GC heap after
Heap after GC invocations=8 (full 1):
 PSYoungGen      total 60928K, used 8884K [0x00000000e0000000, 0x00000000e4780000, 0x0000000100000000)
  eden space 50688K, 0% used [0x00000000e0000000,0x00000000e0000000,0x00000000e3180000)
  from space 10240K, 86% used [0x00000000e3180000,0x00000000e3a2d368,0x00000000e3b80000)
  to   space 10752K, 0% used [0x00000000e3b80000,0x00000000e3b80000,0x00000000e4600000)
 ParOldGen       total 64000K, used 8796K [0x00000000a0000000, 0x00000000a3e80000, 0x00000000e0000000)
  object space 64000K, 13% used [0x00000000a0000000,0x00000000a0897088,0x00000000a3e80000)
 Metaspace       used 29465K, capacity 30058K, committed 30336K, reserved 1075200K
  class space    used 4124K, capacity 4388K, committed 4480K, reserved 1048576K
}

Deoptimization events (10 events):
Event: 12.822 Thread 0x0000000019b1c000 Uncommon trap: reason=class_check action=maybe_recompile pc=0x00000000039ccf40 method=java.lang.reflect.Method.equals(Ljava/lang/Object;)Z @ 5
Event: 12.920 Thread 0x0000000019b1c000 Uncommon trap: reason=range_check action=make_not_entrant pc=0x0000000003c21a10 method=java.lang.String.charAt(I)C @ 27
Event: 12.974 Thread 0x0000000019b1c000 Uncommon trap: reason=bimorphic action=maybe_recompile pc=0x0000000003b3fe58 method=org.codehaus.groovy.runtime.metaclass.MetaMethodIndex.addMethodToList(Ljava/lang/Object;Lgroovy/lang/MetaMethod;)Ljava/lang/Object; @ 96
Event: 12.996 Thread 0x0000000019b1c000 Uncommon trap: reason=unstable_if action=reinterpret pc=0x0000000003b825d8 method=org.objectweb.asm.Item.isEqualTo(Lorg/objectweb/asm/Item;)Z @ 345
Event: 13.421 Thread 0x0000000019b1c000 Uncommon trap: reason=class_check action=maybe_recompile pc=0x0000000003867cb4 method=java.util.HashSet.contains(Ljava/lang/Object;)Z @ 5
Event: 13.421 Thread 0x0000000019b1c000 Uncommon trap: reason=class_check action=maybe_recompile pc=0x0000000003867cb4 method=java.util.HashSet.contains(Ljava/lang/Object;)Z @ 5
Event: 13.730 Thread 0x0000000019b1c000 Uncommon trap: reason=unstable_if action=reinterpret pc=0x0000000003b9e620 method=java.net.URI.match(CJJ)Z @ 45
Event: 13.859 Thread 0x0000000019b1c000 Uncommon trap: reason=bimorphic action=maybe_recompile pc=0x0000000003995f34 method=java.io.BufferedInputStream.read([BII)I @ 101
Event: 13.926 Thread 0x0000000019b1c000 Uncommon trap: reason=class_check action=maybe_recompile pc=0x0000000003b083dc method=com.google.common.io.CountingInputStream.read([BII)I @ 7
Event: 13.931 Thread 0x0000000019b1c000 Uncommon trap: reason=bimorphic action=maybe_recompile pc=0x0000000003995f34 method=java.io.BufferedInputStream.read([BII)I @ 101

Classes redefined (0 events):
No events

Internal exceptions (10 events):
Event: 13.254 Thread 0x0000000019b1c000 Exception <a 'java/lang/ClassNotFoundException': java/util/ArrayListBeanInfo> (0x00000000e22f5d20) thrown at [D:\src\AOSP-openjdk-cygwin\jdk8u\hotspot\src\share\vm\classfile\systemDictionary.cpp, line 210]
Event: 13.254 Thread 0x0000000019b1c000 Exception <a 'java/lang/ClassNotFoundException': java/util/AbstractListBeanInfo> (0x00000000e22fd448) thrown at [D:\src\AOSP-openjdk-cygwin\jdk8u\hotspot\src\share\vm\classfile\systemDictionary.cpp, line 210]
Event: 13.255 Thread 0x0000000019b1c000 Exception <a 'java/lang/ClassNotFoundException': java/util/AbstractListCustomizer> (0x00000000e2304f28) thrown at [D:\src\AOSP-openjdk-cygwin\jdk8u\hotspot\src\share\vm\classfile\systemDictionary.cpp, line 210]
Event: 13.261 Thread 0x0000000019b1c000 Exception <a 'java/lang/ClassNotFoundException': java/util/ArrayListCustomizer> (0x00000000e231a670) thrown at [D:\src\AOSP-openjdk-cygwin\jdk8u\hotspot\src\share\vm\classfile\systemDictionary.cpp, line 210]
Event: 13.270 Thread 0x0000000019b1c000 Exception <a 'java/lang/ClassNotFoundException': java/util/CollectionBeanInfo> (0x00000000e235bbf0) thrown at [D:\src\AOSP-openjdk-cygwin\jdk8u\hotspot\src\share\vm\classfile\systemDictionary.cpp, line 210]
Event: 13.270 Thread 0x0000000019b1c000 Exception <a 'java/lang/ClassNotFoundException': java/util/CollectionCustomizer> (0x00000000e23632a8) thrown at [D:\src\AOSP-openjdk-cygwin\jdk8u\hotspot\src\share\vm\classfile\systemDictionary.cpp, line 210]
Event: 13.601 Thread 0x0000000019b1c000 Exception <a 'java/lang/ClassNotFoundException': build_7vn7hla17k0et4rfwqi23ydxeBeanInfo> (0x00000000e28f1e18) thrown at [D:\src\AOSP-openjdk-cygwin\jdk8u\hotspot\src\share\vm\classfile\systemDictionary.cpp, line 210]
Event: 13.601 Thread 0x0000000019b1c000 Exception <a 'java/lang/ClassNotFoundException': org/gradle/api/internal/project/ProjectScriptBeanInfo> (0x00000000e2903928) thrown at [D:\src\AOSP-openjdk-cygwin\jdk8u\hotspot\src\share\vm\classfile\systemDictionary.cpp, line 210]
Event: 13.602 Thread 0x0000000019b1c000 Exception <a 'java/lang/ClassNotFoundException': org/gradle/api/internal/project/ProjectScriptCustomizer> (0x00000000e2915a40) thrown at [D:\src\AOSP-openjdk-cygwin\jdk8u\hotspot\src\share\vm\classfile\systemDictionary.cpp, line 210]
Event: 13.603 Thread 0x0000000019b1c000 Exception <a 'java/lang/ClassNotFoundException': build_7vn7hla17k0et4rfwqi23ydxeCustomizer> (0x00000000e2933f90) thrown at [D:\src\AOSP-openjdk-cygwin\jdk8u\hotspot\src\share\vm\classfile\systemDictionary.cpp, line 210]

Events (10 events):
Event: 13.973 loading class com/sun/xml/internal/stream/Entity done
Event: 13.973 loading class com/sun/xml/internal/stream/Entity$ScannedEntity done
Event: 13.974 loading class com/sun/org/apache/xerces/internal/util/XMLChar
Event: 13.975 loading class com/sun/org/apache/xerces/internal/util/XMLChar done
Event: 13.976 Thread 0x0000000016d89800 flushing nmethod 0x0000000003587c90
Event: 13.976 Thread 0x0000000016d89800 flushing nmethod 0x000000000358fcd0
Event: 13.976 Thread 0x0000000016d89800 flushing nmethod 0x000000000359ee90
Event: 13.976 Thread 0x0000000016d89800 flushing nmethod 0x00000000035a4610
Event: 13.976 Thread 0x0000000016d89800 flushing nmethod 0x00000000035a88d0
Event: 13.976 Thread 0x0000000016d89800 flushing nmethod 0x00000000035ca410


Dynamic libraries:
0x00007ff75b9b0000 - 0x00007ff75b9e1000 	C:\Program Files\Android\Android Studio\jre\bin\java.exe
0x00007ff888d70000 - 0x00007ff888f42000 	C:\windows\SYSTEM32\ntdll.dll
0x00007ff888b50000 - 0x00007ff888bfc000 	C:\windows\System32\KERNEL32.DLL
0x00007ff888930000 - 0x00007ff888b4d000 	C:\windows\System32\KERNELBASE.dll
0x00007ff8870c0000 - 0x00007ff887162000 	C:\windows\System32\ADVAPI32.dll
0x00007ff886fa0000 - 0x00007ff88703e000 	C:\windows\System32\msvcrt.dll
0x00007ff888890000 - 0x00007ff8888e9000 	C:\windows\System32\sechost.dll
0x00007ff886e70000 - 0x00007ff886f91000 	C:\windows\System32\RPCRT4.dll
0x00007ff888c00000 - 0x00007ff888d65000 	C:\windows\System32\USER32.dll
0x00007ff885db0000 - 0x00007ff885dce000 	C:\windows\System32\win32u.dll
0x00007ff888850000 - 0x00007ff888884000 	C:\windows\System32\GDI32.dll
0x00007ff885dd0000 - 0x00007ff885f50000 	C:\windows\System32\gdi32full.dll
0x00007ff87afd0000 - 0x00007ff87b24a000 	C:\windows\WinSxS\amd64_microsoft.windows.common-controls_6595b64144ccf1df_6.0.14393.953_none_42151e83c686086b\COMCTL32.dll
0x00007ff886b00000 - 0x00007ff886dc8000 	C:\windows\System32\combase.dll
0x00007ff885570000 - 0x00007ff885665000 	C:\windows\System32\ucrtbase.dll
0x00007ff885450000 - 0x00007ff8854ba000 	C:\windows\System32\bcryptPrimitives.dll
0x00007ff888820000 - 0x00007ff88884e000 	C:\windows\System32\IMM32.DLL
0x0000000060f00000 - 0x0000000060fd2000 	C:\Program Files\Android\Android Studio\jre\jre\bin\msvcr100.dll
0x0000000060280000 - 0x0000000060abe000 	C:\Program Files\Android\Android Studio\jre\jre\bin\server\jvm.dll
0x00007ff8870b0000 - 0x00007ff8870b8000 	C:\windows\System32\PSAPI.DLL
0x00007ff875e40000 - 0x00007ff875e49000 	C:\windows\SYSTEM32\WSOCK32.dll
0x00007ff883610000 - 0x00007ff883633000 	C:\windows\SYSTEM32\WINMM.dll
0x00007ff884400000 - 0x00007ff88440a000 	C:\windows\SYSTEM32\VERSION.dll
0x00007ff886820000 - 0x00007ff88688a000 	C:\windows\System32\WS2_32.dll
0x0000000002f10000 - 0x0000000002f3b000 	C:\windows\SYSTEM32\WINMMBASE.dll
0x00007ff885400000 - 0x00007ff885442000 	C:\windows\System32\cfgmgr32.dll
0x00007ff877900000 - 0x00007ff87790f000 	C:\Program Files\Android\Android Studio\jre\jre\bin\verify.dll
0x00007ff85db40000 - 0x00007ff85db69000 	C:\Program Files\Android\Android Studio\jre\jre\bin\java.dll
0x00007ff86f6b0000 - 0x00007ff86f6c6000 	C:\Program Files\Android\Android Studio\jre\jre\bin\zip.dll
0x00007ff887310000 - 0x00007ff888818000 	C:\windows\System32\SHELL32.dll
0x00007ff8856d0000 - 0x00007ff885da8000 	C:\windows\System32\windows.storage.dll
0x00007ff8851c0000 - 0x00007ff88520c000 	C:\windows\System32\powrprof.dll
0x00007ff887050000 - 0x00007ff8870a2000 	C:\windows\System32\shlwapi.dll
0x00007ff8851a0000 - 0x00007ff8851af000 	C:\windows\System32\kernel.appcore.dll
0x00007ff8854c0000 - 0x00007ff885569000 	C:\windows\System32\shcore.dll
0x00007ff885210000 - 0x00007ff885224000 	C:\windows\System32\profapi.dll
0x00007ff869810000 - 0x00007ff86982a000 	C:\Program Files\Android\Android Studio\jre\jre\bin\net.dll
0x00007ff884a70000 - 0x00007ff884acc000 	C:\windows\system32\mswsock.dll
0x00007ff867850000 - 0x00007ff867861000 	C:\Program Files\Android\Android Studio\jre\jre\bin\nio.dll
0x00007ff865950000 - 0x00007ff86596e000 	C:\Users\alvin.wijaya\.gradle\native\25\windows-amd64\native-platform.dll
0x00007ff8778f0000 - 0x00007ff8778fd000 	C:\Program Files\Android\Android Studio\jre\jre\bin\management.dll
0x00007ff884c20000 - 0x00007ff884c37000 	C:\windows\SYSTEM32\CRYPTSP.dll
0x00007ff884680000 - 0x00007ff8846b3000 	C:\windows\system32\rsaenh.dll
0x00007ff8850e0000 - 0x00007ff88510b000 	C:\windows\SYSTEM32\bcrypt.dll
0x00007ff8848f0000 - 0x00007ff88490f000 	C:\windows\SYSTEM32\USERENV.dll
0x00007ff884c10000 - 0x00007ff884c1b000 	C:\windows\SYSTEM32\CRYPTBASE.dll
0x00007ff8847f0000 - 0x00007ff884828000 	C:\windows\SYSTEM32\IPHLPAPI.DLL
0x00007ff887040000 - 0x00007ff887048000 	C:\windows\System32\NSI.dll
0x00007ff881170000 - 0x00007ff881186000 	C:\windows\SYSTEM32\dhcpcsvc6.DLL
0x00007ff881130000 - 0x00007ff88114a000 	C:\windows\SYSTEM32\dhcpcsvc.DLL

VM Arguments:
jvm_args: -Xmx1536m -Dfile.encoding=windows-1252 -Duser.country=US -Duser.language=en -Duser.variant 
java_command: org.gradle.launcher.daemon.bootstrap.GradleDaemon 4.1
java_class_path (initial): C:\Users\alvin.wijaya\.gradle\wrapper\dists\gradle-4.1-all\bzyivzo6n839fup2jbap0tjew\gradle-4.1\lib\gradle-launcher-4.1.jar
Launcher Type: SUN_STANDARD

Environment Variables:
PATH=C:\Python27\;C:\Python27\Scripts;E:\oraclexe\app\oracle\product\11.2.0\server\bin;C:\ProgramData\Oracle\Java\javapath;E:\oracle\product\10.2.0\client_1\bin;C:\windows\system32;C:\windows;C:\windows\System32\Wbem;C:\windows\System32\WindowsPowerShell\v1.0\;C:\Program Files\TortoiseSVN\bin;C:\windows\system32\config\systemprofile\.dnx\bin;C:\Program Files\Microsoft DNX\Dnvm\;C:\Program Files\Microsoft SQL Server\130\Tools\Binn\;C:\Program Files\Redis\;C:\Program Files\TortoiseHg\;C:\MinGW\bin\;C:\MinGW\MSYS\1.0\bin\;C:\Program Files (x86)\PuTTY\;C:\Program Files (x86)\Windows Kits\8.1\Windows Performance Toolkit\;C:\ProgramData\chocolatey\bin;C:\Program Files\nodejs\;C:\Program Files (x86)\Yarn\bin\;C:\Program Files (x86)\GtkSharp\2.12\bin;C:\Program Files\Intel\WiFi\bin\;C:\Program Files\Common Files\Intel\WirelessCommon\;E:\Installed\Git\cmd;C:\Program Files (x86)\Intel\Intel(R) Management Engine Components\DAL;C:\Program Files\Intel\Intel(R) Management Engine Components\DAL;C:\Users\alvin.wijaya\AppData\Local\Microsoft\WindowsApps;C:\Users\alvin.wijaya\AppData\Roaming\npm;C:\Program Files\nodejs;C:\Users\alvin.wijaya\AppData\Local\Yarn\bin;E:\Android\Sdk\platform-tools;C:\Users\alvin.wijaya\AppData\Local\Programs\Fiddler;E:\Installed\MinGW\msys\1.0\bin;E:\Installed\bin
USERNAME=alvin.wijaya
OS=Windows_NT
PROCESSOR_IDENTIFIER=Intel64 Family 6 Model 142 Stepping 9, GenuineIntel



---------------  S Y S T E M  ---------------

OS: Windows 10.0 , 64 bit Build 14393 (10.0.14393.1198)

CPU:total 4 (initial active 4) (2 cores per cpu, 2 threads per core) family 6 model 142 stepping 9, cmov, cx8, fxsr, mmx, sse, sse2, sse3, ssse3, sse4.1, sse4.2, popcnt, avx, avx2, aes, clmul, erms, 3dnowpref, lzcnt, ht, tsc, tscinvbit, bmi1, bmi2, adx

Memory: 4k page, physical 8283348k(1870940k free), swap 11123852k(3532k free)

vm_info: OpenJDK 64-Bit Server VM (25.152-b01) for windows-amd64 JRE (1.8.0_152-release-915-b01), built by "builder" with MS VC++ 10.0 (VS2010)

time: Thu Mar 14 13:26:11 2019
elapsed time: 13 seconds (0d 0h 0m 13s)

